<?xml version="1.0" encoding="UTF-8"?>
<testsuite name="com.coveros.hello_world_two_tests.EvenNumberGeneratorTest" tests="1" skipped="0" failures="0" errors="0" timestamp="2017-11-16T19:04:10" hostname="CoverosSpare" time="0.002">
  <properties/>
  <testcase name="testRandomEvenNumberGenerator" classname="com.coveros.hello_world_two_tests.EvenNumberGeneratorTest" time="0.002"/>
  <system-out><![CDATA[]]></system-out>
  <system-err><![CDATA[]]></system-err>
</testsuite>
